<?xml version="1.0" encoding="UTF-8"?>
<!-- Generated by org.testng.reporters.JUnitReportReporter -->
<testsuite hostname="HYDLAP153" failures="0" tests="1" name="com.tests.Example" time="5.664" errors="0" timestamp="2022-07-25T19:41:13 IST" skipped="0">
  <testcase classname="com.tests.Example" name="validatingIframeWithInIframe" time="5.664"/>
  <system-out/>
</testsuite> <!-- com.tests.Example -->
