<?xml version="1.0" encoding="UTF-8"?>
<!-- Generated by org.testng.reporters.JUnitReportReporter -->
<testsuite hostname="HYDLAP153" failures="0" tests="3" name="com.tests.WindowsTest" time="5.718" errors="0" timestamp="2022-07-27T10:41:47 IST" skipped="0">
  <testcase classname="com.tests.WindowsTest" name="GotoWindowsPage" time="2.579"/>
  <system-out/>
  <testcase classname="com.tests.WindowsTest" name="ValidateNewBrowserWindow" time="1.878"/>
  <system-out/>
  <testcase classname="com.tests.WindowsTest" name="ValidateNewMessageWindow" time="1.261"/>
  <system-out/>
</testsuite> <!-- com.tests.WindowsTest -->
