<?xml version="1.0" encoding="UTF-8"?>
<!-- Generated by org.testng.reporters.JUnitReportReporter -->
<testsuite hostname="HYDLAP153" failures="0" tests="2" name="com.tests.FramesTest" time="12.285" errors="0" timestamp="2022-07-19T11:11:19 IST" skipped="0">
  <testcase classname="com.tests.FramesTest" name="SingleFrame" time="11.843"/>
  <system-out/>
  <testcase classname="com.tests.FramesTest" name="validatingIframeWithInIframe" time="0.442"/>
  <system-out/>
</testsuite> <!-- com.tests.FramesTest -->
