<?xml version="1.0" encoding="UTF-8"?>
<!-- Generated by org.testng.reporters.JUnitReportReporter -->
<testsuite hostname="HYDLAP153" failures="0" tests="2" name="com.tests.DropDowntest" time="8.059" errors="0" timestamp="2022-07-27T11:06:18 IST" skipped="0">
  <testcase classname="com.tests.DropDowntest" name="ValidateLoadingTutorialsHut" time="4.285"/>
  <system-out/>
  <testcase classname="com.tests.DropDowntest" name="ValidateDropDownAvailable" time="3.774"/>
  <system-out/>
</testsuite> <!-- com.tests.DropDowntest -->
