<?xml version="1.0" encoding="UTF-8"?>
<!-- Generated by org.testng.reporters.JUnitReportReporter -->
<testsuite hostname="HYDLAP153" failures="0" tests="4" name="com.tests.NewTest" time="2.422" errors="0" timestamp="2022-07-18T09:22:59 IST" skipped="0">
  <testcase classname="com.tests.NewTest" name="EnterGMOonline" time="0.464"/>
  <system-out/>
  <testcase classname="com.tests.NewTest" name="addOrderQuantity" time="0.326"/>
  <system-out/>
  <testcase classname="com.tests.NewTest" name="placeOrder" time="1.423"/>
  <system-out/>
  <testcase classname="com.tests.NewTest" name="validatePrices" time="0.209"/>
  <system-out/>
</testsuite> <!-- com.tests.NewTest -->
