<?xml version="1.0" encoding="UTF-8"?>
<!-- Generated by org.testng.reporters.JUnitReportReporter -->
<testsuite hostname="HYDLAP153" failures="0" tests="5" name="com.tests.MouseOperations" time="11.948" errors="0" timestamp="2022-07-27T11:05:36 IST" skipped="0">
  <testcase classname="com.tests.MouseOperations" name="GoToPage" time="5.688"/>
  <system-out/>
  <testcase classname="com.tests.MouseOperations" name="ValidateDoubleClick" time="0.400"/>
  <system-out/>
  <testcase classname="com.tests.MouseOperations" name="validateNormalClick" time="0.280"/>
  <system-out/>
  <testcase classname="com.tests.MouseOperations" name="ValidateRightClick" time="0.290"/>
  <system-out/>
  <testcase classname="com.tests.MouseOperations" name="DragAndDrop" time="5.290"/>
  <system-out/>
</testsuite> <!-- com.tests.MouseOperations -->
