<?xml version="1.0" encoding="UTF-8"?>
<!-- Generated by org.testng.reporters.JUnitReportReporter -->
<testsuite hostname="HYDLAP153" failures="0" tests="2" name="com.tests.AlertsTests" time="4.949" errors="0" timestamp="2022-07-21T11:16:41 IST" skipped="0">
  <testcase classname="com.tests.AlertsTests" name="GoToAlertsPage" time="3.750"/>
  <system-out/>
  <testcase classname="com.tests.AlertsTests" name="AlertsValidation" time="1.199"/>
  <system-out/>
</testsuite> <!-- com.tests.AlertsTests -->
