<?xml version="1.0" encoding="UTF-8"?>
<!-- Generated by org.testng.reporters.JUnitReportReporter -->
<testsuite hostname="HYDLAP153" failures="0" tests="2" name="com.tests.LaunchAmazon" time="16.239" errors="0" timestamp="2022-07-19T09:41:06 IST" skipped="0">
  <testcase classname="com.tests.LaunchAmazon" name="VisitAmazon" time="16.228"/>
  <system-out/>
  <testcase classname="com.tests.LaunchAmazon" name="ValidatePageTitle" time="0.011"/>
  <system-out/>
</testsuite> <!-- com.tests.LaunchAmazon -->
